{"uuid":"473e5da0-1b0d-40ee-8eb8-e25a7b3c231d","historyId":"4feb2961c43105c13fdb7ce5931bc2fd","testCaseId":"71931d8019895d702a21bbad0616f6e","fullName":"src/test/resources/parallel/FF006_Array.feature:34","labels":[{"name":"tag","value":"RegressionTest"},{"name":"host","value":"Midhuna"},{"name":"thread","value":"4476@Midhuna.TestNG-PoolService-4(37)"},{"name":"feature","value":"Array Functionality with login"},{"name":"story","value":"Try Editor validation for Array with testcodes"},{"name":"suite","value":"Array Functionality with login"},{"name":"testClass","value":"Try Editor validation for Array with testcodes"},{"name":"framework","value":"cucumber4jvm"},{"name":"language","value":"java"},{"name":"gherkin_uri","value":"file:///C:/MidhunaWork/DSAlgoFinal_04232024/src/test/resources/parallel/FF006_Array.feature"},{"name":"package","value":"src.test.resources.parallel.FF006_Array_feature.Array Functionality with login"}],"links":[],"name":"Try Editor validation for Array with testcodes","status":"broken","statusDetails":{"known":false,"muted":false,"flaky":false,"message":"element not interactable\n  (Session info: chrome=123.0.6312.123)\nBuild info: version: '4.17.0', revision: 'e52b1be057*'\nSystem info: os.name: 'Windows 11', os.arch: 'amd64', os.version: '10.0', java.version: '21.0.2'\nDriver info: org.openqa.selenium.chrome.ChromeDriver\nCommand: [582e6f4a1bdda22b3a63539b4643c533, sendKeysToElement {value=[Ljava.lang.CharSequence;@85e572e, id=f.CC0B83A9AF1829B08985A71B82881B28.d.EC2852DCD688903348B34677374CA17B.e.59}]\nCapabilities {acceptInsecureCerts: false, browserName: chrome, browserVersion: 123.0.6312.123, chrome: {chromedriverVersion: 123.0.6312.122 (31f8248cdd9..., userDataDir: C:\\Users\\rajes\\AppData\\Loca...}, fedcm:accounts: true, goog:chromeOptions: {debuggerAddress: localhost:62352}, networkConnectionEnabled: false, pageLoadStrategy: normal, platformName: windows, proxy: Proxy(), se:cdp: ws://localhost:62352/devtoo..., se:cdpVersion: 123.0.6312.123, setWindowRect: true, strictFileInteractability: false, timeouts: {implicit: 0, pageLoad: 300000, script: 30000}, unhandledPromptBehavior: dismiss and notify, webauthn:extension:credBlob: true, webauthn:extension:largeBlob: true, webauthn:extension:minPinLength: true, webauthn:extension:prf: true, webauthn:virtualAuthenticators: true}\nElement: [org.openqa.selenium.remote.RemoteWebElement@89f6c399 -> unknown locator]\nSession ID: 582e6f4a1bdda22b3a63539b4643c533","trace":"org.openqa.selenium.ElementNotInteractableException: element not interactable\n  (Session info: chrome=123.0.6312.123)\nBuild info: version: '4.17.0', revision: 'e52b1be057*'\nSystem info: os.name: 'Windows 11', os.arch: 'amd64', os.version: '10.0', java.version: '21.0.2'\nDriver info: org.openqa.selenium.chrome.ChromeDriver\nCommand: [582e6f4a1bdda22b3a63539b4643c533, sendKeysToElement {value=[Ljava.lang.CharSequence;@85e572e, id=f.CC0B83A9AF1829B08985A71B82881B28.d.EC2852DCD688903348B34677374CA17B.e.59}]\nCapabilities {acceptInsecureCerts: false, browserName: chrome, browserVersion: 123.0.6312.123, chrome: {chromedriverVersion: 123.0.6312.122 (31f8248cdd9..., userDataDir: C:\\Users\\rajes\\AppData\\Loca...}, fedcm:accounts: true, goog:chromeOptions: {debuggerAddress: localhost:62352}, networkConnectionEnabled: false, pageLoadStrategy: normal, platformName: windows, proxy: Proxy(), se:cdp: ws://localhost:62352/devtoo..., se:cdpVersion: 123.0.6312.123, setWindowRect: true, strictFileInteractability: false, timeouts: {implicit: 0, pageLoad: 300000, script: 30000}, unhandledPromptBehavior: dismiss and notify, webauthn:extension:credBlob: true, webauthn:extension:largeBlob: true, webauthn:extension:minPinLength: true, webauthn:extension:prf: true, webauthn:virtualAuthenticators: true}\nElement: [org.openqa.selenium.remote.RemoteWebElement@89f6c399 -> unknown locator]\nSession ID: 582e6f4a1bdda22b3a63539b4643c533\r\n\tat java.base/jdk.internal.reflect.DirectConstructorHandleAccessor.newInstance(DirectConstructorHandleAccessor.java:62)\r\n\tat java.base/java.lang.reflect.Constructor.newInstanceWithCaller(Constructor.java:502)\r\n\tat java.base/java.lang.reflect.Constructor.newInstance(Constructor.java:486)\r\n\tat org.openqa.selenium.remote.codec.w3c.W3CHttpResponseCodec.createException(W3CHttpResponseCodec.java:185)\r\n\tat org.openqa.selenium.remote.codec.w3c.W3CHttpResponseCodec.decode(W3CHttpResponseCodec.java:134)\r\n\tat org.openqa.selenium.remote.codec.w3c.W3CHttpResponseCodec.decode(W3CHttpResponseCodec.java:51)\r\n\tat org.openqa.selenium.remote.HttpCommandExecutor.execute(HttpCommandExecutor.java:190)\r\n\tat org.openqa.selenium.remote.service.DriverCommandExecutor.invokeExecute(DriverCommandExecutor.java:216)\r\n\tat org.openqa.selenium.remote.service.DriverCommandExecutor.execute(DriverCommandExecutor.java:174)\r\n\tat org.openqa.selenium.remote.RemoteWebDriver.execute(RemoteWebDriver.java:519)\r\n\tat org.openqa.selenium.remote.RemoteWebElement.execute(RemoteWebElement.java:223)\r\n\tat org.openqa.selenium.remote.RemoteWebElement.sendKeys(RemoteWebElement.java:110)\r\n\tat com.pages.ArrayPage.texteditorData(ArrayPage.java:123)\r\n\tat parallel.GeneralPageSteps.the_user_write_code_in_editor_from_given_sheetname_and_rownumber(GeneralPageSteps.java:118)\r\n\tat ✽.The user write code in Editor from sheetname 'pythonCode' and rownumber 1(file:///C:/MidhunaWork/DSAlgoFinal_04232024/src/test/resources/parallel/FF006_Array.feature:24)\r\n"},"stage":"finished","steps":[{"name":"Given User has already Logged in","status":"passed","statusDetails":{"known":false,"muted":false,"flaky":false},"stage":"finished","steps":[],"attachments":[{"name":"Data table","source":"2ff5a29a-67bd-4dec-b3ba-db63500008d0-attachment.csv","type":"text/tab-separated-values"}],"parameters":[],"start":1713915041335,"stop":1713915043202},{"name":"Given The user is on the \"NumpyNinja\" Home Page","status":"passed","statusDetails":{"known":false,"muted":false,"flaky":false},"stage":"finished","steps":[],"attachments":[],"parameters":[],"start":1713915043203,"stop":1713915043472},{"name":"When User clicks on Data Structures dropdown arrow","status":"passed","statusDetails":{"known":false,"muted":false,"flaky":false},"stage":"finished","steps":[],"attachments":[],"parameters":[],"start":1713915043472,"stop":1713915043633},{"name":"Then User should able to see six option in DataStructure Dropdown","status":"passed","statusDetails":{"known":false,"muted":false,"flaky":false},"stage":"finished","steps":[],"attachments":[],"parameters":[],"start":1713915043634,"stop":1713915043635},{"name":"When User clicks on the Arrays List","status":"passed","statusDetails":{"known":false,"muted":false,"flaky":false},"stage":"finished","steps":[],"attachments":[],"parameters":[],"start":1713915043635,"stop":1713915044432},{"name":"Then User should be on \"Array\" page","status":"passed","statusDetails":{"known":false,"muted":false,"flaky":false},"stage":"finished","steps":[],"attachments":[],"parameters":[],"start":1713915044433,"stop":1713915044560},{"name":"Given User is on the \"Arrays in Python\" Home Page of URL \"https://dsportalapp.herokuapp.com/array/arrays-in-python/\"","status":"passed","statusDetails":{"known":false,"muted":false,"flaky":false},"stage":"finished","steps":[],"attachments":[],"parameters":[],"start":1713915044561,"stop":1713915045142},{"name":"When User click on 'Applications of Array'","status":"passed","statusDetails":{"known":false,"muted":false,"flaky":false},"stage":"finished","steps":[],"attachments":[],"parameters":[],"start":1713915045145,"stop":1713915045628},{"name":"Then User should navigate to page that contains title 'Applications of Array'","status":"passed","statusDetails":{"known":false,"muted":false,"flaky":false},"stage":"finished","steps":[],"attachments":[],"parameters":[],"start":1713915045631,"stop":1713915045898},{"name":"When User clicks Try Here button of \"Applications of Array\"","status":"passed","statusDetails":{"known":false,"muted":false,"flaky":false},"stage":"finished","steps":[],"attachments":[],"parameters":[],"start":1713915045899,"stop":1713915047282},{"name":"And The user is on the \"Assessment\" Home Page","status":"passed","statusDetails":{"known":false,"muted":false,"flaky":false},"stage":"finished","steps":[],"attachments":[],"parameters":[],"start":1713915047283,"stop":1713915047549},{"name":"When The user write code in Editor from sheetname 'pythonCode' and rownumber 0","status":"passed","statusDetails":{"known":false,"muted":false,"flaky":false},"stage":"finished","steps":[],"attachments":[],"parameters":[],"start":1713915047550,"stop":1713915050392},{"name":"And Click the run button","status":"passed","statusDetails":{"known":false,"muted":false,"flaky":false},"stage":"finished","steps":[],"attachments":[],"parameters":[],"start":1713915050394,"stop":1713915050768},{"name":"Then The user should able to see output in the console \"hello\"","status":"passed","statusDetails":{"known":false,"muted":false,"flaky":false},"stage":"finished","steps":[],"attachments":[],"parameters":[],"start":1713915050769,"stop":1713915050925},{"name":"And The user is on the \"Assessment\" Home Page","status":"passed","statusDetails":{"known":false,"muted":false,"flaky":false},"stage":"finished","steps":[],"attachments":[],"parameters":[],"start":1713915050925,"stop":1713915051233},{"name":"When The user write code in Editor from sheetname 'pythonCode' and rownumber 1","status":"broken","statusDetails":{"known":false,"muted":false,"flaky":false,"message":"element not interactable\n  (Session info: chrome=123.0.6312.123)\nBuild info: version: '4.17.0', revision: 'e52b1be057*'\nSystem info: os.name: 'Windows 11', os.arch: 'amd64', os.version: '10.0', java.version: '21.0.2'\nDriver info: org.openqa.selenium.chrome.ChromeDriver\nCommand: [582e6f4a1bdda22b3a63539b4643c533, sendKeysToElement {value=[Ljava.lang.CharSequence;@85e572e, id=f.CC0B83A9AF1829B08985A71B82881B28.d.EC2852DCD688903348B34677374CA17B.e.59}]\nCapabilities {acceptInsecureCerts: false, browserName: chrome, browserVersion: 123.0.6312.123, chrome: {chromedriverVersion: 123.0.6312.122 (31f8248cdd9..., userDataDir: C:\\Users\\rajes\\AppData\\Loca...}, fedcm:accounts: true, goog:chromeOptions: {debuggerAddress: localhost:62352}, networkConnectionEnabled: false, pageLoadStrategy: normal, platformName: windows, proxy: Proxy(), se:cdp: ws://localhost:62352/devtoo..., se:cdpVersion: 123.0.6312.123, setWindowRect: true, strictFileInteractability: false, timeouts: {implicit: 0, pageLoad: 300000, script: 30000}, unhandledPromptBehavior: dismiss and notify, webauthn:extension:credBlob: true, webauthn:extension:largeBlob: true, webauthn:extension:minPinLength: true, webauthn:extension:prf: true, webauthn:virtualAuthenticators: true}\nElement: [org.openqa.selenium.remote.RemoteWebElement@89f6c399 -> unknown locator]\nSession ID: 582e6f4a1bdda22b3a63539b4643c533","trace":"org.openqa.selenium.ElementNotInteractableException: element not interactable\n  (Session info: chrome=123.0.6312.123)\nBuild info: version: '4.17.0', revision: 'e52b1be057*'\nSystem info: os.name: 'Windows 11', os.arch: 'amd64', os.version: '10.0', java.version: '21.0.2'\nDriver info: org.openqa.selenium.chrome.ChromeDriver\nCommand: [582e6f4a1bdda22b3a63539b4643c533, sendKeysToElement {value=[Ljava.lang.CharSequence;@85e572e, id=f.CC0B83A9AF1829B08985A71B82881B28.d.EC2852DCD688903348B34677374CA17B.e.59}]\nCapabilities {acceptInsecureCerts: false, browserName: chrome, browserVersion: 123.0.6312.123, chrome: {chromedriverVersion: 123.0.6312.122 (31f8248cdd9..., userDataDir: C:\\Users\\rajes\\AppData\\Loca...}, fedcm:accounts: true, goog:chromeOptions: {debuggerAddress: localhost:62352}, networkConnectionEnabled: false, pageLoadStrategy: normal, platformName: windows, proxy: Proxy(), se:cdp: ws://localhost:62352/devtoo..., se:cdpVersion: 123.0.6312.123, setWindowRect: true, strictFileInteractability: false, timeouts: {implicit: 0, pageLoad: 300000, script: 30000}, unhandledPromptBehavior: dismiss and notify, webauthn:extension:credBlob: true, webauthn:extension:largeBlob: true, webauthn:extension:minPinLength: true, webauthn:extension:prf: true, webauthn:virtualAuthenticators: true}\nElement: [org.openqa.selenium.remote.RemoteWebElement@89f6c399 -> unknown locator]\nSession ID: 582e6f4a1bdda22b3a63539b4643c533\r\n\tat java.base/jdk.internal.reflect.DirectConstructorHandleAccessor.newInstance(DirectConstructorHandleAccessor.java:62)\r\n\tat java.base/java.lang.reflect.Constructor.newInstanceWithCaller(Constructor.java:502)\r\n\tat java.base/java.lang.reflect.Constructor.newInstance(Constructor.java:486)\r\n\tat org.openqa.selenium.remote.codec.w3c.W3CHttpResponseCodec.createException(W3CHttpResponseCodec.java:185)\r\n\tat org.openqa.selenium.remote.codec.w3c.W3CHttpResponseCodec.decode(W3CHttpResponseCodec.java:134)\r\n\tat org.openqa.selenium.remote.codec.w3c.W3CHttpResponseCodec.decode(W3CHttpResponseCodec.java:51)\r\n\tat org.openqa.selenium.remote.HttpCommandExecutor.execute(HttpCommandExecutor.java:190)\r\n\tat org.openqa.selenium.remote.service.DriverCommandExecutor.invokeExecute(DriverCommandExecutor.java:216)\r\n\tat org.openqa.selenium.remote.service.DriverCommandExecutor.execute(DriverCommandExecutor.java:174)\r\n\tat org.openqa.selenium.remote.RemoteWebDriver.execute(RemoteWebDriver.java:519)\r\n\tat org.openqa.selenium.remote.RemoteWebElement.execute(RemoteWebElement.java:223)\r\n\tat org.openqa.selenium.remote.RemoteWebElement.sendKeys(RemoteWebElement.java:110)\r\n\tat com.pages.ArrayPage.texteditorData(ArrayPage.java:123)\r\n\tat parallel.GeneralPageSteps.the_user_write_code_in_editor_from_given_sheetname_and_rownumber(GeneralPageSteps.java:118)\r\n\tat ✽.The user write code in Editor from sheetname 'pythonCode' and rownumber 1(file:///C:/MidhunaWork/DSAlgoFinal_04232024/src/test/resources/parallel/FF006_Array.feature:24)\r\n"},"stage":"finished","steps":[],"attachments":[],"parameters":[],"start":1713915051233,"stop":1713915055566},{"name":"And Click the run button","status":"skipped","statusDetails":{"known":false,"muted":false,"flaky":false},"stage":"finished","steps":[],"attachments":[],"parameters":[],"start":1713915055579,"stop":1713915055580},{"name":"Then The user should able to see an error message in alert window","status":"skipped","statusDetails":{"known":false,"muted":false,"flaky":false},"stage":"finished","steps":[],"attachments":[],"parameters":[],"start":1713915055580,"stop":1713915055581},{"name":"And The user is on the \"Assessment\" Home Page","status":"skipped","statusDetails":{"known":false,"muted":false,"flaky":false},"stage":"finished","steps":[],"attachments":[],"parameters":[],"start":1713915055581,"stop":1713915055581}],"attachments":[],"parameters":[{"name":"Topic","value":"Applications of Array"},{"name":"Title","value":"Applications of Array"},{"name":"Try Here","value":"Try Here"},{"name":"SheetName","value":"pythonCode"}],"start":1713915037054,"stop":1713915058443}