{"uuid":"ac47d609-7d2e-4749-9475-0fbdf2b40825","historyId":"65dd689d49ea328aade88e021b273d3c","testCaseId":"6bc0b5c36fdc9d415c7dad0fd588977f","fullName":"src/test/resources/parallel/FF011_Graph.feature:32","labels":[{"name":"tag","value":"RegressionTest"},{"name":"host","value":"Dell"},{"name":"thread","value":"102904@Dell.TestNG-PoolService-3(30)"},{"name":"feature","value":"Graph Functionality with login"},{"name":"story","value":"Try Editor validation for Graph with testcodes"},{"name":"suite","value":"Graph Functionality with login"},{"name":"testClass","value":"Try Editor validation for Graph with testcodes"},{"name":"framework","value":"cucumber4jvm"},{"name":"language","value":"java"},{"name":"gherkin_uri","value":"file:///C:/Users/Home/eclipse-workspace/DSAlgo-Project2/src/test/resources/parallel/FF011_Graph.feature"},{"name":"package","value":"src.test.resources.parallel.FF011_Graph_feature.Graph Functionality with login"}],"links":[],"name":"Try Editor validation for Graph with testcodes","status":"broken","statusDetails":{"known":false,"muted":false,"flaky":false,"message":"element not interactable\n  (Session info: chrome=124.0.6367.61)\nBuild info: version: '4.17.0', revision: 'e52b1be057*'\nSystem info: os.name: 'Windows 11', os.arch: 'amd64', os.version: '10.0', java.version: '21.0.2'\nDriver info: org.openqa.selenium.chrome.ChromeDriver\nCommand: [a8395593ea9d91f97e50eefc8729f544, sendKeysToElement {value=[Ljava.lang.CharSequence;@7b7f88b5, id=f.1DB9404CC2422FD44CD12FA1F69E724C.d.1F99005525B3F7B44F00848FE87858C3.e.53}]\nCapabilities {acceptInsecureCerts: false, browserName: chrome, browserVersion: 124.0.6367.61, chrome: {chromedriverVersion: 124.0.6367.60 (8771130bd84f..., userDataDir: C:\\Users\\Home\\AppData\\Local...}, fedcm:accounts: true, goog:chromeOptions: {debuggerAddress: localhost:62850}, networkConnectionEnabled: false, pageLoadStrategy: normal, platformName: windows, proxy: Proxy(), se:cdp: ws://localhost:62850/devtoo..., se:cdpVersion: 124.0.6367.61, setWindowRect: true, strictFileInteractability: false, timeouts: {implicit: 0, pageLoad: 300000, script: 30000}, unhandledPromptBehavior: dismiss and notify, webauthn:extension:credBlob: true, webauthn:extension:largeBlob: true, webauthn:extension:minPinLength: true, webauthn:extension:prf: true, webauthn:virtualAuthenticators: true}\nElement: [org.openqa.selenium.remote.RemoteWebElement@6ecc8282 -> unknown locator]\nSession ID: a8395593ea9d91f97e50eefc8729f544","trace":"org.openqa.selenium.ElementNotInteractableException: element not interactable\n  (Session info: chrome=124.0.6367.61)\nBuild info: version: '4.17.0', revision: 'e52b1be057*'\nSystem info: os.name: 'Windows 11', os.arch: 'amd64', os.version: '10.0', java.version: '21.0.2'\nDriver info: org.openqa.selenium.chrome.ChromeDriver\nCommand: [a8395593ea9d91f97e50eefc8729f544, sendKeysToElement {value=[Ljava.lang.CharSequence;@7b7f88b5, id=f.1DB9404CC2422FD44CD12FA1F69E724C.d.1F99005525B3F7B44F00848FE87858C3.e.53}]\nCapabilities {acceptInsecureCerts: false, browserName: chrome, browserVersion: 124.0.6367.61, chrome: {chromedriverVersion: 124.0.6367.60 (8771130bd84f..., userDataDir: C:\\Users\\Home\\AppData\\Local...}, fedcm:accounts: true, goog:chromeOptions: {debuggerAddress: localhost:62850}, networkConnectionEnabled: false, pageLoadStrategy: normal, platformName: windows, proxy: Proxy(), se:cdp: ws://localhost:62850/devtoo..., se:cdpVersion: 124.0.6367.61, setWindowRect: true, strictFileInteractability: false, timeouts: {implicit: 0, pageLoad: 300000, script: 30000}, unhandledPromptBehavior: dismiss and notify, webauthn:extension:credBlob: true, webauthn:extension:largeBlob: true, webauthn:extension:minPinLength: true, webauthn:extension:prf: true, webauthn:virtualAuthenticators: true}\nElement: [org.openqa.selenium.remote.RemoteWebElement@6ecc8282 -> unknown locator]\nSession ID: a8395593ea9d91f97e50eefc8729f544\r\n\tat java.base/jdk.internal.reflect.DirectConstructorHandleAccessor.newInstance(DirectConstructorHandleAccessor.java:62)\r\n\tat java.base/java.lang.reflect.Constructor.newInstanceWithCaller(Constructor.java:502)\r\n\tat java.base/java.lang.reflect.Constructor.newInstance(Constructor.java:486)\r\n\tat org.openqa.selenium.remote.codec.w3c.W3CHttpResponseCodec.createException(W3CHttpResponseCodec.java:185)\r\n\tat org.openqa.selenium.remote.codec.w3c.W3CHttpResponseCodec.decode(W3CHttpResponseCodec.java:134)\r\n\tat org.openqa.selenium.remote.codec.w3c.W3CHttpResponseCodec.decode(W3CHttpResponseCodec.java:51)\r\n\tat org.openqa.selenium.remote.HttpCommandExecutor.execute(HttpCommandExecutor.java:190)\r\n\tat org.openqa.selenium.remote.service.DriverCommandExecutor.invokeExecute(DriverCommandExecutor.java:216)\r\n\tat org.openqa.selenium.remote.service.DriverCommandExecutor.execute(DriverCommandExecutor.java:174)\r\n\tat org.openqa.selenium.remote.RemoteWebDriver.execute(RemoteWebDriver.java:519)\r\n\tat org.openqa.selenium.remote.RemoteWebElement.execute(RemoteWebElement.java:223)\r\n\tat org.openqa.selenium.remote.RemoteWebElement.sendKeys(RemoteWebElement.java:110)\r\n\tat com.pages.ArrayPage.texteditorData(ArrayPage.java:123)\r\n\tat parallel.GeneralPageSteps.the_user_write_code_in_editor_from_given_sheetname_and_rownumber(GeneralPageSteps.java:118)\r\n\tat ✽.The user write code in Editor from sheetname 'pythonCode' and rownumber 0(file:///C:/Users/Home/eclipse-workspace/DSAlgo-Project2/src/test/resources/parallel/FF011_Graph.feature:18)\r\n"},"stage":"finished","steps":[{"name":"Given User has already Logged in","status":"passed","statusDetails":{"known":false,"muted":false,"flaky":false},"stage":"finished","steps":[],"attachments":[{"name":"Data table","source":"a16eaf27-7ab3-44c9-be75-eb6693ea56ca-attachment.csv","type":"text/tab-separated-values"}],"parameters":[],"start":1713856992866,"stop":1713856996358},{"name":"Given The user is on the \"NumpyNinja\" Home Page","status":"passed","statusDetails":{"known":false,"muted":false,"flaky":false},"stage":"finished","steps":[],"attachments":[],"parameters":[],"start":1713856996358,"stop":1713856996805},{"name":"When User clicks on Get Started button index 6","status":"passed","statusDetails":{"known":false,"muted":false,"flaky":false},"stage":"finished","steps":[],"attachments":[],"parameters":[],"start":1713856996805,"stop":1713856998024},{"name":"Then User should be on \"Graph\" page","status":"passed","statusDetails":{"known":false,"muted":false,"flaky":false},"stage":"finished","steps":[],"attachments":[],"parameters":[],"start":1713856998024,"stop":1713856998178},{"name":"Given User is on the \"Graph\" Home Page of URL \"https://dsportalapp.herokuapp.com/graph/\"","status":"passed","statusDetails":{"known":false,"muted":false,"flaky":false},"stage":"finished","steps":[],"attachments":[],"parameters":[],"start":1713856998179,"stop":1713856998734},{"name":"When User click on 'Graph'","status":"passed","statusDetails":{"known":false,"muted":false,"flaky":false},"stage":"finished","steps":[],"attachments":[],"parameters":[],"start":1713856998734,"stop":1713856999681},{"name":"Then User should navigate to page that contains title 'Graph'","status":"passed","statusDetails":{"known":false,"muted":false,"flaky":false},"stage":"finished","steps":[],"attachments":[],"parameters":[],"start":1713856999681,"stop":1713856999994},{"name":"When User clicks Try Here button of \"Graph\"","status":"passed","statusDetails":{"known":false,"muted":false,"flaky":false},"stage":"finished","steps":[],"attachments":[],"parameters":[],"start":1713856999996,"stop":1713857001775},{"name":"And The user is on the \"Assessment\" Home Page","status":"passed","statusDetails":{"known":false,"muted":false,"flaky":false},"stage":"finished","steps":[],"attachments":[],"parameters":[],"start":1713857001775,"stop":1713857002100},{"name":"When The user write code in Editor from sheetname 'pythonCode' and rownumber 0","status":"broken","statusDetails":{"known":false,"muted":false,"flaky":false,"message":"element not interactable\n  (Session info: chrome=124.0.6367.61)\nBuild info: version: '4.17.0', revision: 'e52b1be057*'\nSystem info: os.name: 'Windows 11', os.arch: 'amd64', os.version: '10.0', java.version: '21.0.2'\nDriver info: org.openqa.selenium.chrome.ChromeDriver\nCommand: [a8395593ea9d91f97e50eefc8729f544, sendKeysToElement {value=[Ljava.lang.CharSequence;@7b7f88b5, id=f.1DB9404CC2422FD44CD12FA1F69E724C.d.1F99005525B3F7B44F00848FE87858C3.e.53}]\nCapabilities {acceptInsecureCerts: false, browserName: chrome, browserVersion: 124.0.6367.61, chrome: {chromedriverVersion: 124.0.6367.60 (8771130bd84f..., userDataDir: C:\\Users\\Home\\AppData\\Local...}, fedcm:accounts: true, goog:chromeOptions: {debuggerAddress: localhost:62850}, networkConnectionEnabled: false, pageLoadStrategy: normal, platformName: windows, proxy: Proxy(), se:cdp: ws://localhost:62850/devtoo..., se:cdpVersion: 124.0.6367.61, setWindowRect: true, strictFileInteractability: false, timeouts: {implicit: 0, pageLoad: 300000, script: 30000}, unhandledPromptBehavior: dismiss and notify, webauthn:extension:credBlob: true, webauthn:extension:largeBlob: true, webauthn:extension:minPinLength: true, webauthn:extension:prf: true, webauthn:virtualAuthenticators: true}\nElement: [org.openqa.selenium.remote.RemoteWebElement@6ecc8282 -> unknown locator]\nSession ID: a8395593ea9d91f97e50eefc8729f544","trace":"org.openqa.selenium.ElementNotInteractableException: element not interactable\n  (Session info: chrome=124.0.6367.61)\nBuild info: version: '4.17.0', revision: 'e52b1be057*'\nSystem info: os.name: 'Windows 11', os.arch: 'amd64', os.version: '10.0', java.version: '21.0.2'\nDriver info: org.openqa.selenium.chrome.ChromeDriver\nCommand: [a8395593ea9d91f97e50eefc8729f544, sendKeysToElement {value=[Ljava.lang.CharSequence;@7b7f88b5, id=f.1DB9404CC2422FD44CD12FA1F69E724C.d.1F99005525B3F7B44F00848FE87858C3.e.53}]\nCapabilities {acceptInsecureCerts: false, browserName: chrome, browserVersion: 124.0.6367.61, chrome: {chromedriverVersion: 124.0.6367.60 (8771130bd84f..., userDataDir: C:\\Users\\Home\\AppData\\Local...}, fedcm:accounts: true, goog:chromeOptions: {debuggerAddress: localhost:62850}, networkConnectionEnabled: false, pageLoadStrategy: normal, platformName: windows, proxy: Proxy(), se:cdp: ws://localhost:62850/devtoo..., se:cdpVersion: 124.0.6367.61, setWindowRect: true, strictFileInteractability: false, timeouts: {implicit: 0, pageLoad: 300000, script: 30000}, unhandledPromptBehavior: dismiss and notify, webauthn:extension:credBlob: true, webauthn:extension:largeBlob: true, webauthn:extension:minPinLength: true, webauthn:extension:prf: true, webauthn:virtualAuthenticators: true}\nElement: [org.openqa.selenium.remote.RemoteWebElement@6ecc8282 -> unknown locator]\nSession ID: a8395593ea9d91f97e50eefc8729f544\r\n\tat java.base/jdk.internal.reflect.DirectConstructorHandleAccessor.newInstance(DirectConstructorHandleAccessor.java:62)\r\n\tat java.base/java.lang.reflect.Constructor.newInstanceWithCaller(Constructor.java:502)\r\n\tat java.base/java.lang.reflect.Constructor.newInstance(Constructor.java:486)\r\n\tat org.openqa.selenium.remote.codec.w3c.W3CHttpResponseCodec.createException(W3CHttpResponseCodec.java:185)\r\n\tat org.openqa.selenium.remote.codec.w3c.W3CHttpResponseCodec.decode(W3CHttpResponseCodec.java:134)\r\n\tat org.openqa.selenium.remote.codec.w3c.W3CHttpResponseCodec.decode(W3CHttpResponseCodec.java:51)\r\n\tat org.openqa.selenium.remote.HttpCommandExecutor.execute(HttpCommandExecutor.java:190)\r\n\tat org.openqa.selenium.remote.service.DriverCommandExecutor.invokeExecute(DriverCommandExecutor.java:216)\r\n\tat org.openqa.selenium.remote.service.DriverCommandExecutor.execute(DriverCommandExecutor.java:174)\r\n\tat org.openqa.selenium.remote.RemoteWebDriver.execute(RemoteWebDriver.java:519)\r\n\tat org.openqa.selenium.remote.RemoteWebElement.execute(RemoteWebElement.java:223)\r\n\tat org.openqa.selenium.remote.RemoteWebElement.sendKeys(RemoteWebElement.java:110)\r\n\tat com.pages.ArrayPage.texteditorData(ArrayPage.java:123)\r\n\tat parallel.GeneralPageSteps.the_user_write_code_in_editor_from_given_sheetname_and_rownumber(GeneralPageSteps.java:118)\r\n\tat ✽.The user write code in Editor from sheetname 'pythonCode' and rownumber 0(file:///C:/Users/Home/eclipse-workspace/DSAlgo-Project2/src/test/resources/parallel/FF011_Graph.feature:18)\r\n"},"stage":"finished","steps":[],"attachments":[],"parameters":[],"start":1713857002101,"stop":1713857005024},{"name":"And Click the run button","status":"skipped","statusDetails":{"known":false,"muted":false,"flaky":false},"stage":"finished","steps":[],"attachments":[],"parameters":[],"start":1713857005032,"stop":1713857005033},{"name":"Then The user should able to see output in the console \"hello\"","status":"skipped","statusDetails":{"known":false,"muted":false,"flaky":false},"stage":"finished","steps":[],"attachments":[],"parameters":[],"start":1713857005034,"stop":1713857005034},{"name":"And The user is on the \"Assessment\" Home Page","status":"skipped","statusDetails":{"known":false,"muted":false,"flaky":false},"stage":"finished","steps":[],"attachments":[],"parameters":[],"start":1713857005034,"stop":1713857005035},{"name":"When The user write code in Editor from sheetname 'pythonCode' and rownumber 1","status":"skipped","statusDetails":{"known":false,"muted":false,"flaky":false},"stage":"finished","steps":[],"attachments":[],"parameters":[],"start":1713857005035,"stop":1713857005035},{"name":"And Click the run button","status":"skipped","statusDetails":{"known":false,"muted":false,"flaky":false},"stage":"finished","steps":[],"attachments":[],"parameters":[],"start":1713857005035,"stop":1713857005036},{"name":"Then The user should able to see an error message in alert window","status":"skipped","statusDetails":{"known":false,"muted":false,"flaky":false},"stage":"finished","steps":[],"attachments":[],"parameters":[],"start":1713857005036,"stop":1713857005036},{"name":"And The user is on the \"Assessment\" Home Page","status":"skipped","statusDetails":{"known":false,"muted":false,"flaky":false},"stage":"finished","steps":[],"attachments":[],"parameters":[],"start":1713857005036,"stop":1713857005036},{"name":"When User click back button and navigate to URL \"https://dsportalapp.herokuapp.com/graph/graph-representations/\"","status":"skipped","statusDetails":{"known":false,"muted":false,"flaky":false},"stage":"finished","steps":[],"attachments":[],"parameters":[],"start":1713857005036,"stop":1713857005036},{"name":"And User click on Signout button","status":"skipped","statusDetails":{"known":false,"muted":false,"flaky":false},"stage":"finished","steps":[],"attachments":[],"parameters":[],"start":1713857005037,"stop":1713857005037},{"name":"Then The user is on the \"NumpyNinja\" Home Page","status":"skipped","statusDetails":{"known":false,"muted":false,"flaky":false},"stage":"finished","steps":[],"attachments":[],"parameters":[],"start":1713857005037,"stop":1713857005037}],"attachments":[],"parameters":[{"name":"Topic","value":"Graph"},{"name":"Title","value":"Graph"},{"name":"Try Here","value":"Try Here"},{"name":"SheetName","value":"pythonCode"}],"start":1713856989736,"stop":1713857007991}